{"C:\\Users\\JORGE\\Desktop\\eccomerce\\eccomerce-test\\src\\components\\Header\\Header.module.css": {"path":"C:\\Users\\JORGE\\Desktop\\eccomerce\\eccomerce-test\\src\\components\\Header\\Header.module.css","statementMap":{},"fnMap":{},"branchMap":{},"s":{},"f":{},"b":{},"meta":{"lastBranch":0,"lastFunction":0,"lastStatement":0,"seen":{}}}
,"C:\\Users\\JORGE\\Desktop\\eccomerce\\eccomerce-test\\src\\components\\Header\\Header.tsx": {"path":"C:\\Users\\JORGE\\Desktop\\eccomerce\\eccomerce-test\\src\\components\\Header\\Header.tsx","statementMap":{"0":{"start":{"line":6,"column":2},"end":{"line":29,"column":null}}},"fnMap":{"0":{"name":"Header","decl":{"start":{"line":4,"column":24},"end":{"line":4,"column":33}},"loc":{"start":{"line":4,"column":33},"end":{"line":31,"column":null}},"line":4}},"branchMap":{},"s":{"0":4},"f":{"0":4},"b":{},"meta":{"lastBranch":0,"lastFunction":1,"lastStatement":1,"seen":{"f:4:24:4:33":0,"s:6:2:29:Infinity":0}}}
,"C:\\Users\\JORGE\\Desktop\\eccomerce\\eccomerce-test\\src\\components\\Header\\index.ts": {"path":"C:\\Users\\JORGE\\Desktop\\eccomerce\\eccomerce-test\\src\\components\\Header\\index.ts","statementMap":{},"fnMap":{},"branchMap":{},"s":{},"f":{},"b":{},"meta":{"lastBranch":0,"lastFunction":0,"lastStatement":0,"seen":{}}}
,"C:\\Users\\JORGE\\Desktop\\eccomerce\\eccomerce-test\\src\\components\\LoadingError\\LoadingError.module.css": {"path":"C:\\Users\\JORGE\\Desktop\\eccomerce\\eccomerce-test\\src\\components\\LoadingError\\LoadingError.module.css","statementMap":{},"fnMap":{},"branchMap":{},"s":{},"f":{},"b":{},"meta":{"lastBranch":0,"lastFunction":0,"lastStatement":0,"seen":{}}}
,"C:\\Users\\JORGE\\Desktop\\eccomerce\\eccomerce-test\\src\\components\\LoadingError\\LoadingError.tsx": {"path":"C:\\Users\\JORGE\\Desktop\\eccomerce\\eccomerce-test\\src\\components\\LoadingError\\LoadingError.tsx","statementMap":{"0":{"start":{"line":16,"column":2},"end":{"line":47,"column":null}}},"fnMap":{"0":{"name":"LoadingError","decl":{"start":{"line":11,"column":24},"end":{"line":11,"column":37}},"loc":{"start":{"line":15,"column":22},"end":{"line":49,"column":null}},"line":15}},"branchMap":{"0":{"loc":{"start":{"line":14,"column":2},"end":{"line":14,"column":null}},"type":"default-arg","locations":[{"start":{"line":14,"column":19},"end":{"line":14,"column":null}}],"line":14},"1":{"loc":{"start":{"line":18,"column":7},"end":{"line":23,"column":null}},"type":"binary-expr","locations":[{"start":{"line":18,"column":7},"end":{"line":18,"column":null}},{"start":{"line":19,"column":8},"end":{"line":23,"column":null}}],"line":18},"2":{"loc":{"start":{"line":34,"column":11},"end":{"line":37,"column":null}},"type":"binary-expr","locations":[{"start":{"line":34,"column":11},"end":{"line":34,"column":null}},{"start":{"line":35,"column":12},"end":{"line":37,"column":null}}],"line":34}},"s":{"0":7},"f":{"0":7},"b":{"0":[7],"1":[7,6],"2":[7,2]},"meta":{"lastBranch":3,"lastFunction":1,"lastStatement":1,"seen":{"f:11:24:11:37":0,"b:14:19:14:Infinity":0,"s:16:2:47:Infinity":0,"b:18:7:18:Infinity:19:8:23:Infinity":1,"b:34:11:34:Infinity:35:12:37:Infinity":2}}}
,"C:\\Users\\JORGE\\Desktop\\eccomerce\\eccomerce-test\\src\\components\\LoadingError\\index.ts": {"path":"C:\\Users\\JORGE\\Desktop\\eccomerce\\eccomerce-test\\src\\components\\LoadingError\\index.ts","statementMap":{},"fnMap":{},"branchMap":{},"s":{},"f":{},"b":{},"meta":{"lastBranch":0,"lastFunction":0,"lastStatement":0,"seen":{}}}
,"C:\\Users\\JORGE\\Desktop\\eccomerce\\eccomerce-test\\src\\components\\LoadingSpinner\\LoadingSpinner.module.css": {"path":"C:\\Users\\JORGE\\Desktop\\eccomerce\\eccomerce-test\\src\\components\\LoadingSpinner\\LoadingSpinner.module.css","statementMap":{},"fnMap":{},"branchMap":{},"s":{},"f":{},"b":{},"meta":{"lastBranch":0,"lastFunction":0,"lastStatement":0,"seen":{}}}
,"C:\\Users\\JORGE\\Desktop\\eccomerce\\eccomerce-test\\src\\components\\LoadingSpinner\\LoadingSpinner.tsx": {"path":"C:\\Users\\JORGE\\Desktop\\eccomerce\\eccomerce-test\\src\\components\\LoadingSpinner\\LoadingSpinner.tsx","statementMap":{"0":{"start":{"line":12,"column":2},"end":{"line":26,"column":null}}},"fnMap":{"0":{"name":"LoadingSpinner","decl":{"start":{"line":8,"column":24},"end":{"line":8,"column":39}},"loc":{"start":{"line":11,"column":24},"end":{"line":28,"column":null}},"line":11}},"branchMap":{"0":{"loc":{"start":{"line":9,"column":2},"end":{"line":9,"column":null}},"type":"default-arg","locations":[{"start":{"line":9,"column":12},"end":{"line":9,"column":null}}],"line":9},"1":{"loc":{"start":{"line":10,"column":2},"end":{"line":10,"column":null}},"type":"default-arg","locations":[{"start":{"line":10,"column":9},"end":{"line":10,"column":null}}],"line":10}},"s":{"0":7},"f":{"0":7},"b":{"0":[7],"1":[7]},"meta":{"lastBranch":2,"lastFunction":1,"lastStatement":1,"seen":{"f:8:24:8:39":0,"b:9:12:9:Infinity":0,"b:10:9:10:Infinity":1,"s:12:2:26:Infinity":0}}}
,"C:\\Users\\JORGE\\Desktop\\eccomerce\\eccomerce-test\\src\\components\\LoadingSpinner\\index.ts": {"path":"C:\\Users\\JORGE\\Desktop\\eccomerce\\eccomerce-test\\src\\components\\LoadingSpinner\\index.ts","statementMap":{},"fnMap":{},"branchMap":{},"s":{},"f":{},"b":{},"meta":{"lastBranch":0,"lastFunction":0,"lastStatement":0,"seen":{}}}
,"C:\\Users\\JORGE\\Desktop\\eccomerce\\eccomerce-test\\src\\components\\SearchSuggestions\\SearchSuggestions.module.css": {"path":"C:\\Users\\JORGE\\Desktop\\eccomerce\\eccomerce-test\\src\\components\\SearchSuggestions\\SearchSuggestions.module.css","statementMap":{},"fnMap":{},"branchMap":{},"s":{},"f":{},"b":{},"meta":{"lastBranch":0,"lastFunction":0,"lastStatement":0,"seen":{}}}
,"C:\\Users\\JORGE\\Desktop\\eccomerce\\eccomerce-test\\src\\components\\SearchSuggestions\\SearchSuggestions.tsx": {"path":"C:\\Users\\JORGE\\Desktop\\eccomerce\\eccomerce-test\\src\\components\\SearchSuggestions\\SearchSuggestions.tsx","statementMap":{"0":{"start":{"line":21,"column":2},"end":{"line":23,"column":null}},"1":{"start":{"line":22,"column":4},"end":{"line":22,"column":null}},"2":{"start":{"line":25,"column":2},"end":{"line":114,"column":null}},"3":{"start":{"line":36,"column":14},"end":{"line":42,"column":null}},"4":{"start":{"line":38,"column":31},"end":{"line":38,"column":null}},"5":{"start":{"line":56,"column":14},"end":{"line":62,"column":null}},"6":{"start":{"line":58,"column":31},"end":{"line":58,"column":null}},"7":{"start":{"line":76,"column":14},"end":{"line":102,"column":null}},"8":{"start":{"line":78,"column":31},"end":{"line":78,"column":null}}},"fnMap":{"0":{"name":"SearchSuggestions","decl":{"start":{"line":13,"column":24},"end":{"line":13,"column":42}},"loc":{"start":{"line":20,"column":27},"end":{"line":116,"column":null}},"line":20},"1":{"name":"(anonymous_1)","decl":{"start":{"line":35,"column":28},"end":{"line":35,"column":29}},"loc":{"start":{"line":36,"column":14},"end":{"line":42,"column":null}},"line":36},"2":{"name":"(anonymous_2)","decl":{"start":{"line":38,"column":25},"end":{"line":38,"column":31}},"loc":{"start":{"line":38,"column":31},"end":{"line":38,"column":null}},"line":38},"3":{"name":"(anonymous_3)","decl":{"start":{"line":55,"column":30},"end":{"line":55,"column":31}},"loc":{"start":{"line":56,"column":14},"end":{"line":62,"column":null}},"line":56},"4":{"name":"(anonymous_4)","decl":{"start":{"line":58,"column":25},"end":{"line":58,"column":31}},"loc":{"start":{"line":58,"column":31},"end":{"line":58,"column":null}},"line":58},"5":{"name":"(anonymous_5)","decl":{"start":{"line":75,"column":33},"end":{"line":75,"column":34}},"loc":{"start":{"line":76,"column":14},"end":{"line":102,"column":null}},"line":76},"6":{"name":"(anonymous_6)","decl":{"start":{"line":78,"column":25},"end":{"line":78,"column":31}},"loc":{"start":{"line":78,"column":31},"end":{"line":78,"column":null}},"line":78}},"branchMap":{"0":{"loc":{"start":{"line":21,"column":2},"end":{"line":23,"column":null}},"type":"if","locations":[{"start":{"line":21,"column":2},"end":{"line":23,"column":null}},{"start":{},"end":{}}],"line":21},"1":{"loc":{"start":{"line":29,"column":7},"end":{"line":45,"column":null}},"type":"binary-expr","locations":[{"start":{"line":29,"column":7},"end":{"line":29,"column":null}},{"start":{"line":30,"column":8},"end":{"line":45,"column":null}}],"line":29},"2":{"loc":{"start":{"line":49,"column":7},"end":{"line":65,"column":null}},"type":"binary-expr","locations":[{"start":{"line":49,"column":7},"end":{"line":49,"column":null}},{"start":{"line":50,"column":8},"end":{"line":65,"column":null}}],"line":49},"3":{"loc":{"start":{"line":69,"column":7},"end":{"line":105,"column":null}},"type":"binary-expr","locations":[{"start":{"line":69,"column":7},"end":{"line":69,"column":null}},{"start":{"line":70,"column":8},"end":{"line":105,"column":null}}],"line":69},"4":{"loc":{"start":{"line":109,"column":7},"end":{"line":112,"column":null}},"type":"binary-expr","locations":[{"start":{"line":109,"column":7},"end":{"line":109,"column":34}},{"start":{"line":109,"column":34},"end":{"line":109,"column":63}},{"start":{"line":109,"column":63},"end":{"line":109,"column":null}},{"start":{"line":110,"column":8},"end":{"line":112,"column":null}}],"line":109}},"s":{"0":9,"1":0,"2":9,"3":16,"4":1,"5":24,"6":1,"7":16,"8":1},"f":{"0":9,"1":16,"2":1,"3":24,"4":1,"5":16,"6":1},"b":{"0":[0,9],"1":[9,8],"2":[9,8],"3":[9,8],"4":[9,1,1,1]},"meta":{"lastBranch":5,"lastFunction":7,"lastStatement":9,"seen":{"f:13:24:13:42":0,"b:21:2:23:Infinity:undefined:undefined:undefined:undefined":0,"s:21:2:23:Infinity":0,"s:22:4:22:Infinity":1,"s:25:2:114:Infinity":2,"b:29:7:29:Infinity:30:8:45:Infinity":1,"f:35:28:35:29":1,"s:36:14:42:Infinity":3,"f:38:25:38:31":2,"s:38:31:38:Infinity":4,"b:49:7:49:Infinity:50:8:65:Infinity":2,"f:55:30:55:31":3,"s:56:14:62:Infinity":5,"f:58:25:58:31":4,"s:58:31:58:Infinity":6,"b:69:7:69:Infinity:70:8:105:Infinity":3,"f:75:33:75:34":5,"s:76:14:102:Infinity":7,"f:78:25:78:31":6,"s:78:31:78:Infinity":8,"b:109:7:109:34:109:34:109:63:109:63:109:Infinity:110:8:112:Infinity":4}}}
,"C:\\Users\\JORGE\\Desktop\\eccomerce\\eccomerce-test\\src\\components\\SearchSuggestions\\index.ts": {"path":"C:\\Users\\JORGE\\Desktop\\eccomerce\\eccomerce-test\\src\\components\\SearchSuggestions\\index.ts","statementMap":{},"fnMap":{},"branchMap":{},"s":{},"f":{},"b":{},"meta":{"lastBranch":0,"lastFunction":0,"lastStatement":0,"seen":{}}}
,"C:\\Users\\JORGE\\Desktop\\eccomerce\\eccomerce-test\\src\\components\\ui\\button.tsx": {"path":"C:\\Users\\JORGE\\Desktop\\eccomerce\\eccomerce-test\\src\\components\\ui\\button.tsx","statementMap":{"0":{"start":{"line":10,"column":15},"end":{"line":47,"column":null}},"1":{"start":{"line":13,"column":6},"end":{"line":13,"column":null}},"2":{"start":{"line":15,"column":21},"end":{"line":25,"column":null}},"3":{"start":{"line":27,"column":18},"end":{"line":32,"column":null}},"4":{"start":{"line":34,"column":4},"end":{"line":44,"column":null}},"5":{"start":{"line":49,"column":0},"end":{"line":49,"column":null}}},"fnMap":{"0":{"name":"(anonymous_0)","decl":{"start":{"line":11,"column":2},"end":{"line":11,"column":3}},"loc":{"start":{"line":11,"column":75},"end":{"line":46,"column":null}},"line":11}},"branchMap":{"0":{"loc":{"start":{"line":11,"column":16},"end":{"line":11,"column":37}},"type":"default-arg","locations":[{"start":{"line":11,"column":26},"end":{"line":11,"column":37}}],"line":11},"1":{"loc":{"start":{"line":11,"column":37},"end":{"line":11,"column":55}},"type":"default-arg","locations":[{"start":{"line":11,"column":44},"end":{"line":11,"column":55}}],"line":11}},"s":{"0":2,"1":21,"2":21,"3":21,"4":21,"5":2},"f":{"0":21},"b":{"0":[21],"1":[21]},"meta":{"lastBranch":2,"lastFunction":1,"lastStatement":6,"seen":{"s:10:15:47:Infinity":0,"f:11:2:11:3":0,"b:11:26:11:37":0,"b:11:44:11:55":1,"s:13:6:13:Infinity":1,"s:15:21:25:Infinity":2,"s:27:18:32:Infinity":3,"s:34:4:44:Infinity":4,"s:49:0:49:Infinity":5}}}
,"C:\\Users\\JORGE\\Desktop\\eccomerce\\eccomerce-test\\src\\hooks\\useProducts.ts": {"path":"C:\\Users\\JORGE\\Desktop\\eccomerce\\eccomerce-test\\src\\hooks\\useProducts.ts","statementMap":{"0":{"start":{"line":4,"column":27},"end":{"line":48,"column":null}},"1":{"start":{"line":5,"column":30},"end":{"line":5,"column":null}},"2":{"start":{"line":6,"column":28},"end":{"line":6,"column":null}},"3":{"start":{"line":7,"column":24},"end":{"line":7,"column":null}},"4":{"start":{"line":9,"column":2},"end":{"line":25,"column":null}},"5":{"start":{"line":10,"column":26},"end":{"line":22,"column":null}},"6":{"start":{"line":11,"column":6},"end":{"line":21,"column":null}},"7":{"start":{"line":12,"column":8},"end":{"line":12,"column":null}},"8":{"start":{"line":13,"column":8},"end":{"line":13,"column":null}},"9":{"start":{"line":14,"column":21},"end":{"line":14,"column":null}},"10":{"start":{"line":15,"column":8},"end":{"line":15,"column":null}},"11":{"start":{"line":17,"column":8},"end":{"line":17,"column":null}},"12":{"start":{"line":18,"column":8},"end":{"line":18,"column":null}},"13":{"start":{"line":20,"column":8},"end":{"line":20,"column":null}},"14":{"start":{"line":24,"column":4},"end":{"line":24,"column":null}},"15":{"start":{"line":27,"column":2},"end":{"line":47,"column":null}},"16":{"start":{"line":32,"column":28},"end":{"line":44,"column":null}},"17":{"start":{"line":33,"column":8},"end":{"line":43,"column":null}},"18":{"start":{"line":34,"column":10},"end":{"line":34,"column":null}},"19":{"start":{"line":35,"column":10},"end":{"line":35,"column":null}},"20":{"start":{"line":36,"column":23},"end":{"line":36,"column":null}},"21":{"start":{"line":37,"column":10},"end":{"line":37,"column":null}},"22":{"start":{"line":39,"column":10},"end":{"line":39,"column":null}},"23":{"start":{"line":40,"column":10},"end":{"line":40,"column":null}},"24":{"start":{"line":42,"column":10},"end":{"line":42,"column":null}},"25":{"start":{"line":45,"column":6},"end":{"line":45,"column":null}}},"fnMap":{"0":{"name":"(anonymous_0)","decl":{"start":{"line":4,"column":27},"end":{"line":4,"column":33}},"loc":{"start":{"line":4,"column":33},"end":{"line":48,"column":null}},"line":4},"1":{"name":"(anonymous_1)","decl":{"start":{"line":9,"column":12},"end":{"line":9,"column":18}},"loc":{"start":{"line":9,"column":18},"end":{"line":25,"column":5}},"line":9},"2":{"name":"(anonymous_2)","decl":{"start":{"line":10,"column":26},"end":{"line":10,"column":38}},"loc":{"start":{"line":10,"column":38},"end":{"line":22,"column":null}},"line":10},"3":{"name":"(anonymous_3)","decl":{"start":{"line":31,"column":13},"end":{"line":31,"column":19}},"loc":{"start":{"line":31,"column":19},"end":{"line":46,"column":null}},"line":31},"4":{"name":"(anonymous_4)","decl":{"start":{"line":32,"column":28},"end":{"line":32,"column":40}},"loc":{"start":{"line":32,"column":40},"end":{"line":44,"column":null}},"line":32}},"branchMap":{},"s":{"0":1,"1":10,"2":10,"3":10,"4":10,"5":5,"6":5,"7":5,"8":5,"9":5,"10":2,"11":2,"12":2,"13":4,"14":5,"15":10,"16":1,"17":1,"18":1,"19":1,"20":1,"21":1,"22":0,"23":0,"24":1,"25":1},"f":{"0":10,"1":5,"2":5,"3":1,"4":1},"b":{},"meta":{"lastBranch":0,"lastFunction":5,"lastStatement":26,"seen":{"s:4:27:48:Infinity":0,"f:4:27:4:33":0,"s:5:30:5:Infinity":1,"s:6:28:6:Infinity":2,"s:7:24:7:Infinity":3,"s:9:2:25:Infinity":4,"f:9:12:9:18":1,"s:10:26:22:Infinity":5,"f:10:26:10:38":2,"s:11:6:21:Infinity":6,"s:12:8:12:Infinity":7,"s:13:8:13:Infinity":8,"s:14:21:14:Infinity":9,"s:15:8:15:Infinity":10,"s:17:8:17:Infinity":11,"s:18:8:18:Infinity":12,"s:20:8:20:Infinity":13,"s:24:4:24:Infinity":14,"s:27:2:47:Infinity":15,"f:31:13:31:19":3,"s:32:28:44:Infinity":16,"f:32:28:32:40":4,"s:33:8:43:Infinity":17,"s:34:10:34:Infinity":18,"s:35:10:35:Infinity":19,"s:36:23:36:Infinity":20,"s:37:10:37:Infinity":21,"s:39:10:39:Infinity":22,"s:40:10:40:Infinity":23,"s:42:10:42:Infinity":24,"s:45:6:45:Infinity":25}}}
,"C:\\Users\\JORGE\\Desktop\\eccomerce\\eccomerce-test\\src\\lib\\utils.ts": {"path":"C:\\Users\\JORGE\\Desktop\\eccomerce\\eccomerce-test\\src\\lib\\utils.ts","statementMap":{"0":{"start":{"line":5,"column":2},"end":{"line":5,"column":null}}},"fnMap":{"0":{"name":"cn","decl":{"start":{"line":4,"column":16},"end":{"line":4,"column":22}},"loc":{"start":{"line":4,"column":44},"end":{"line":6,"column":null}},"line":4}},"branchMap":{},"s":{"0":21},"f":{"0":21},"b":{},"meta":{"lastBranch":0,"lastFunction":1,"lastStatement":1,"seen":{"f:4:16:4:22":0,"s:5:2:5:Infinity":0}}}
,"C:\\Users\\JORGE\\Desktop\\eccomerce\\eccomerce-test\\src\\pages\\ErrorPage\\ErrorPage.module.css": {"path":"C:\\Users\\JORGE\\Desktop\\eccomerce\\eccomerce-test\\src\\pages\\ErrorPage\\ErrorPage.module.css","statementMap":{},"fnMap":{},"branchMap":{},"s":{},"f":{},"b":{},"meta":{"lastBranch":0,"lastFunction":0,"lastStatement":0,"seen":{}}}
,"C:\\Users\\JORGE\\Desktop\\eccomerce\\eccomerce-test\\src\\pages\\ErrorPage\\ErrorPage.tsx": {"path":"C:\\Users\\JORGE\\Desktop\\eccomerce\\eccomerce-test\\src\\pages\\ErrorPage\\ErrorPage.tsx","statementMap":{"0":{"start":{"line":18,"column":2},"end":{"line":84,"column":null}}},"fnMap":{"0":{"name":"ErrorPage","decl":{"start":{"line":12,"column":24},"end":{"line":12,"column":34}},"loc":{"start":{"line":17,"column":19},"end":{"line":86,"column":null}},"line":17}},"branchMap":{"0":{"loc":{"start":{"line":13,"column":2},"end":{"line":13,"column":null}},"type":"default-arg","locations":[{"start":{"line":13,"column":10},"end":{"line":13,"column":null}}],"line":13},"1":{"loc":{"start":{"line":14,"column":2},"end":{"line":14,"column":null}},"type":"default-arg","locations":[{"start":{"line":14,"column":16},"end":{"line":14,"column":null}}],"line":14},"2":{"loc":{"start":{"line":15,"column":2},"end":{"line":15,"column":null}},"type":"default-arg","locations":[{"start":{"line":15,"column":19},"end":{"line":15,"column":null}}],"line":15},"3":{"loc":{"start":{"line":20,"column":7},"end":{"line":25,"column":null}},"type":"binary-expr","locations":[{"start":{"line":20,"column":7},"end":{"line":20,"column":null}},{"start":{"line":21,"column":8},"end":{"line":25,"column":null}}],"line":20},"4":{"loc":{"start":{"line":46,"column":11},"end":{"line":54,"column":null}},"type":"binary-expr","locations":[{"start":{"line":46,"column":11},"end":{"line":46,"column":null}},{"start":{"line":47,"column":12},"end":{"line":54,"column":null}}],"line":46}},"s":{"0":10},"f":{"0":10},"b":{"0":[10],"1":[10],"2":[10],"3":[10,9],"4":[10,2]},"meta":{"lastBranch":5,"lastFunction":1,"lastStatement":1,"seen":{"f:12:24:12:34":0,"b:13:10:13:Infinity":0,"b:14:16:14:Infinity":1,"b:15:19:15:Infinity":2,"s:18:2:84:Infinity":0,"b:20:7:20:Infinity:21:8:25:Infinity":3,"b:46:11:46:Infinity:47:12:54:Infinity":4}}}
,"C:\\Users\\JORGE\\Desktop\\eccomerce\\eccomerce-test\\src\\pages\\ErrorPage\\index.ts": {"path":"C:\\Users\\JORGE\\Desktop\\eccomerce\\eccomerce-test\\src\\pages\\ErrorPage\\index.ts","statementMap":{},"fnMap":{},"branchMap":{},"s":{},"f":{},"b":{},"meta":{"lastBranch":0,"lastFunction":0,"lastStatement":0,"seen":{}}}
,"C:\\Users\\JORGE\\Desktop\\eccomerce\\eccomerce-test\\src\\pages\\Home\\Home.module.css": {"path":"C:\\Users\\JORGE\\Desktop\\eccomerce\\eccomerce-test\\src\\pages\\Home\\Home.module.css","statementMap":{},"fnMap":{},"branchMap":{},"s":{},"f":{},"b":{},"meta":{"lastBranch":0,"lastFunction":0,"lastStatement":0,"seen":{}}}
,"C:\\Users\\JORGE\\Desktop\\eccomerce\\eccomerce-test\\src\\pages\\Home\\Home.tsx": {"path":"C:\\Users\\JORGE\\Desktop\\eccomerce\\eccomerce-test\\src\\pages\\Home\\Home.tsx","statementMap":{"0":{"start":{"line":8,"column":8},"end":{"line":8,"column":null}},"1":{"start":{"line":9,"column":44},"end":{"line":9,"column":null}},"2":{"start":{"line":10,"column":80},"end":{"line":10,"column":null}},"3":{"start":{"line":11,"column":8},"end":{"line":11,"column":null}},"4":{"start":{"line":14,"column":44},"end":{"line":14,"column":null}},"5":{"start":{"line":15,"column":38},"end":{"line":15,"column":null}},"6":{"start":{"line":16,"column":8},"end":{"line":16,"column":null}},"7":{"start":{"line":19,"column":2},"end":{"line":29,"column":null}},"8":{"start":{"line":20,"column":31},"end":{"line":25,"column":null}},"9":{"start":{"line":21,"column":6},"end":{"line":24,"column":null}},"10":{"start":{"line":22,"column":8},"end":{"line":22,"column":null}},"11":{"start":{"line":23,"column":8},"end":{"line":23,"column":null}},"12":{"start":{"line":27,"column":4},"end":{"line":27,"column":null}},"13":{"start":{"line":28,"column":4},"end":{"line":28,"column":null}},"14":{"start":{"line":28,"column":17},"end":{"line":28,"column":null}},"15":{"start":{"line":32,"column":32},"end":{"line":36,"column":null}},"16":{"start":{"line":33,"column":4},"end":{"line":33,"column":null}},"17":{"start":{"line":34,"column":4},"end":{"line":34,"column":null}},"18":{"start":{"line":35,"column":4},"end":{"line":35,"column":null}},"19":{"start":{"line":39,"column":29},"end":{"line":41,"column":null}},"20":{"start":{"line":40,"column":4},"end":{"line":40,"column":null}},"21":{"start":{"line":44,"column":29},"end":{"line":48,"column":null}},"22":{"start":{"line":45,"column":18},"end":{"line":45,"column":null}},"23":{"start":{"line":46,"column":4},"end":{"line":46,"column":null}},"24":{"start":{"line":47,"column":4},"end":{"line":47,"column":null}},"25":{"start":{"line":51,"column":27},"end":{"line":56,"column":null}},"26":{"start":{"line":52,"column":4},"end":{"line":52,"column":null}},"27":{"start":{"line":53,"column":4},"end":{"line":55,"column":null}},"28":{"start":{"line":54,"column":6},"end":{"line":54,"column":null}},"29":{"start":{"line":59,"column":2},"end":{"line":61,"column":null}},"30":{"start":{"line":60,"column":4},"end":{"line":60,"column":null}},"31":{"start":{"line":64,"column":2},"end":{"line":72,"column":null}},"32":{"start":{"line":65,"column":4},"end":{"line":70,"column":null}},"33":{"start":{"line":74,"column":2},"end":{"line":186,"column":null}},"34":{"start":{"line":136,"column":14},"end":{"line":170,"column":null}}},"fnMap":{"0":{"name":"Home","decl":{"start":{"line":7,"column":24},"end":{"line":7,"column":31}},"loc":{"start":{"line":7,"column":31},"end":{"line":188,"column":null}},"line":7},"1":{"name":"(anonymous_1)","decl":{"start":{"line":19,"column":12},"end":{"line":19,"column":18}},"loc":{"start":{"line":19,"column":18},"end":{"line":29,"column":5}},"line":19},"2":{"name":"(anonymous_2)","decl":{"start":{"line":20,"column":31},"end":{"line":20,"column":32}},"loc":{"start":{"line":20,"column":54},"end":{"line":25,"column":null}},"line":20},"3":{"name":"(anonymous_3)","decl":{"start":{"line":28,"column":11},"end":{"line":28,"column":17}},"loc":{"start":{"line":28,"column":17},"end":{"line":28,"column":null}},"line":28},"4":{"name":"(anonymous_4)","decl":{"start":{"line":32,"column":32},"end":{"line":32,"column":33}},"loc":{"start":{"line":32,"column":56},"end":{"line":36,"column":null}},"line":32},"5":{"name":"(anonymous_5)","decl":{"start":{"line":39,"column":29},"end":{"line":39,"column":30}},"loc":{"start":{"line":39,"column":52},"end":{"line":41,"column":null}},"line":39},"6":{"name":"(anonymous_6)","decl":{"start":{"line":44,"column":29},"end":{"line":44,"column":30}},"loc":{"start":{"line":44,"column":73},"end":{"line":48,"column":null}},"line":44},"7":{"name":"(anonymous_7)","decl":{"start":{"line":51,"column":27},"end":{"line":51,"column":33}},"loc":{"start":{"line":51,"column":33},"end":{"line":56,"column":null}},"line":51},"8":{"name":"(anonymous_8)","decl":{"start":{"line":135,"column":34},"end":{"line":135,"column":35}},"loc":{"start":{"line":136,"column":14},"end":{"line":170,"column":null}},"line":136}},"branchMap":{"0":{"loc":{"start":{"line":21,"column":6},"end":{"line":24,"column":null}},"type":"if","locations":[{"start":{"line":21,"column":6},"end":{"line":24,"column":null}},{"start":{},"end":{}}],"line":21},"1":{"loc":{"start":{"line":21,"column":10},"end":{"line":21,"column":82}},"type":"binary-expr","locations":[{"start":{"line":21,"column":10},"end":{"line":21,"column":31}},{"start":{"line":21,"column":31},"end":{"line":21,"column":82}}],"line":21},"2":{"loc":{"start":{"line":53,"column":4},"end":{"line":55,"column":null}},"type":"if","locations":[{"start":{"line":53,"column":4},"end":{"line":55,"column":null}},{"start":{},"end":{}}],"line":53},"3":{"loc":{"start":{"line":59,"column":2},"end":{"line":61,"column":null}},"type":"if","locations":[{"start":{"line":59,"column":2},"end":{"line":61,"column":null}},{"start":{},"end":{}}],"line":59},"4":{"loc":{"start":{"line":64,"column":2},"end":{"line":72,"column":null}},"type":"if","locations":[{"start":{"line":64,"column":2},"end":{"line":72,"column":null}},{"start":{},"end":{}}],"line":64},"5":{"loc":{"start":{"line":120,"column":23},"end":{"line":120,"column":null}},"type":"binary-expr","locations":[{"start":{"line":120,"column":23},"end":{"line":120,"column":42}},{"start":{"line":120,"column":42},"end":{"line":120,"column":null}}],"line":120},"6":{"loc":{"start":{"line":124,"column":9},"end":{"line":127,"column":null}},"type":"binary-expr","locations":[{"start":{"line":124,"column":9},"end":{"line":124,"column":23}},{"start":{"line":124,"column":23},"end":{"line":124,"column":null}},{"start":{"line":125,"column":10},"end":{"line":127,"column":null}}],"line":124},"7":{"loc":{"start":{"line":126,"column":36},"end":{"line":126,"column":66}},"type":"cond-expr","locations":[{"start":{"line":126,"column":57},"end":{"line":126,"column":63}},{"start":{"line":126,"column":63},"end":{"line":126,"column":66}}],"line":126},"8":{"loc":{"start":{"line":126,"column":78},"end":{"line":126,"column":null}},"type":"cond-expr","locations":[{"start":{"line":126,"column":99},"end":{"line":126,"column":105}},{"start":{"line":126,"column":105},"end":{"line":126,"column":null}}],"line":126},"9":{"loc":{"start":{"line":133,"column":9},"end":{"line":183,"column":null}},"type":"cond-expr","locations":[{"start":{"line":134,"column":10},"end":{"line":172,"column":null}},{"start":{"line":174,"column":10},"end":{"line":183,"column":null}}],"line":133},"10":{"loc":{"start":{"line":178,"column":15},"end":{"line":180,"column":null}},"type":"cond-expr","locations":[{"start":{"line":179,"column":18},"end":{"line":179,"column":null}},{"start":{"line":180,"column":18},"end":{"line":180,"column":null}}],"line":178}},"s":{"0":12,"1":12,"2":12,"3":12,"4":12,"5":12,"6":12,"7":12,"8":10,"9":1,"10":0,"11":0,"12":10,"13":10,"14":10,"15":12,"16":0,"17":0,"18":0,"19":12,"20":0,"21":12,"22":11,"23":11,"24":11,"25":12,"26":1,"27":1,"28":0,"29":12,"30":1,"31":11,"32":1,"33":10,"34":18},"f":{"0":12,"1":10,"2":1,"3":10,"4":0,"5":0,"6":11,"7":1,"8":18},"b":{"0":[0,1],"1":[1,1],"2":[0,1],"3":[1,11],"4":[1,10],"5":[10,0],"6":[12,1,1],"7":[1,0],"8":[1,0],"9":[9,1],"10":[1,0]},"meta":{"lastBranch":11,"lastFunction":9,"lastStatement":35,"seen":{"f:7:24:7:31":0,"s:8:8:8:Infinity":0,"s:9:44:9:Infinity":1,"s:10:80:10:Infinity":2,"s:11:8:11:Infinity":3,"s:14:44:14:Infinity":4,"s:15:38:15:Infinity":5,"s:16:8:16:Infinity":6,"s:19:2:29:Infinity":7,"f:19:12:19:18":1,"s:20:31:25:Infinity":8,"f:20:31:20:32":2,"b:21:6:24:Infinity:undefined:undefined:undefined:undefined":0,"s:21:6:24:Infinity":9,"b:21:10:21:31:21:31:21:82":1,"s:22:8:22:Infinity":10,"s:23:8:23:Infinity":11,"s:27:4:27:Infinity":12,"s:28:4:28:Infinity":13,"f:28:11:28:17":3,"s:28:17:28:Infinity":14,"s:32:32:36:Infinity":15,"f:32:32:32:33":4,"s:33:4:33:Infinity":16,"s:34:4:34:Infinity":17,"s:35:4:35:Infinity":18,"s:39:29:41:Infinity":19,"f:39:29:39:30":5,"s:40:4:40:Infinity":20,"s:44:29:48:Infinity":21,"f:44:29:44:30":6,"s:45:18:45:Infinity":22,"s:46:4:46:Infinity":23,"s:47:4:47:Infinity":24,"s:51:27:56:Infinity":25,"f:51:27:51:33":7,"s:52:4:52:Infinity":26,"b:53:4:55:Infinity:undefined:undefined:undefined:undefined":2,"s:53:4:55:Infinity":27,"s:54:6:54:Infinity":28,"b:59:2:61:Infinity:undefined:undefined:undefined:undefined":3,"s:59:2:61:Infinity":29,"s:60:4:60:Infinity":30,"b:64:2:72:Infinity:undefined:undefined:undefined:undefined":4,"s:64:2:72:Infinity":31,"s:65:4:70:Infinity":32,"s:74:2:186:Infinity":33,"b:120:23:120:42:120:42:120:Infinity":5,"b:124:9:124:23:124:23:124:Infinity:125:10:127:Infinity":6,"b:126:57:126:63:126:63:126:66":7,"b:126:99:126:105:126:105:126:Infinity":8,"b:134:10:172:Infinity:174:10:183:Infinity":9,"f:135:34:135:35":8,"s:136:14:170:Infinity":34,"b:179:18:179:Infinity:180:18:180:Infinity":10}}}
,"C:\\Users\\JORGE\\Desktop\\eccomerce\\eccomerce-test\\src\\pages\\Home\\index.ts": {"path":"C:\\Users\\JORGE\\Desktop\\eccomerce\\eccomerce-test\\src\\pages\\Home\\index.ts","statementMap":{},"fnMap":{},"branchMap":{},"s":{},"f":{},"b":{},"meta":{"lastBranch":0,"lastFunction":0,"lastStatement":0,"seen":{}}}
,"C:\\Users\\JORGE\\Desktop\\eccomerce\\eccomerce-test\\src\\pages\\ProductDetail\\ProductDetail.module.css": {"path":"C:\\Users\\JORGE\\Desktop\\eccomerce\\eccomerce-test\\src\\pages\\ProductDetail\\ProductDetail.module.css","statementMap":{},"fnMap":{},"branchMap":{},"s":{},"f":{},"b":{},"meta":{"lastBranch":0,"lastFunction":0,"lastStatement":0,"seen":{}}}
,"C:\\Users\\JORGE\\Desktop\\eccomerce\\eccomerce-test\\src\\pages\\ProductDetail\\ProductDetail.tsx": {"path":"C:\\Users\\JORGE\\Desktop\\eccomerce\\eccomerce-test\\src\\pages\\ProductDetail\\ProductDetail.tsx","statementMap":{"0":{"start":{"line":8,"column":13},"end":{"line":8,"column":null}},"1":{"start":{"line":9,"column":53},"end":{"line":9,"column":null}},"2":{"start":{"line":12,"column":2},"end":{"line":14,"column":null}},"3":{"start":{"line":13,"column":4},"end":{"line":13,"column":null}},"4":{"start":{"line":17,"column":2},"end":{"line":26,"column":null}},"5":{"start":{"line":18,"column":4},"end":{"line":24,"column":null}},"6":{"start":{"line":29,"column":2},"end":{"line":37,"column":null}},"7":{"start":{"line":30,"column":4},"end":{"line":35,"column":null}},"8":{"start":{"line":40,"column":2},"end":{"line":49,"column":null}},"9":{"start":{"line":41,"column":4},"end":{"line":47,"column":null}},"10":{"start":{"line":51,"column":2},"end":{"line":107,"column":null}}},"fnMap":{"0":{"name":"ProductDetail","decl":{"start":{"line":7,"column":24},"end":{"line":7,"column":40}},"loc":{"start":{"line":7,"column":40},"end":{"line":109,"column":null}},"line":7}},"branchMap":{"0":{"loc":{"start":{"line":12,"column":2},"end":{"line":14,"column":null}},"type":"if","locations":[{"start":{"line":12,"column":2},"end":{"line":14,"column":null}},{"start":{},"end":{}}],"line":12},"1":{"loc":{"start":{"line":17,"column":2},"end":{"line":26,"column":null}},"type":"if","locations":[{"start":{"line":17,"column":2},"end":{"line":26,"column":null}},{"start":{},"end":{}}],"line":17},"2":{"loc":{"start":{"line":29,"column":2},"end":{"line":37,"column":null}},"type":"if","locations":[{"start":{"line":29,"column":2},"end":{"line":37,"column":null}},{"start":{},"end":{}}],"line":29},"3":{"loc":{"start":{"line":29,"column":6},"end":{"line":29,"column":25}},"type":"binary-expr","locations":[{"start":{"line":29,"column":6},"end":{"line":29,"column":15}},{"start":{"line":29,"column":15},"end":{"line":29,"column":25}}],"line":29},"4":{"loc":{"start":{"line":40,"column":2},"end":{"line":49,"column":null}},"type":"if","locations":[{"start":{"line":40,"column":2},"end":{"line":49,"column":null}},{"start":{},"end":{}}],"line":40}},"s":{"0":6,"1":6,"2":6,"3":1,"4":5,"5":1,"6":4,"7":0,"8":4,"9":0,"10":4},"f":{"0":6},"b":{"0":[1,5],"1":[1,4],"2":[0,4],"3":[4,0],"4":[0,4]},"meta":{"lastBranch":5,"lastFunction":1,"lastStatement":11,"seen":{"f:7:24:7:40":0,"s:8:13:8:Infinity":0,"s:9:53:9:Infinity":1,"b:12:2:14:Infinity:undefined:undefined:undefined:undefined":0,"s:12:2:14:Infinity":2,"s:13:4:13:Infinity":3,"b:17:2:26:Infinity:undefined:undefined:undefined:undefined":1,"s:17:2:26:Infinity":4,"s:18:4:24:Infinity":5,"b:29:2:37:Infinity:undefined:undefined:undefined:undefined":2,"s:29:2:37:Infinity":6,"b:29:6:29:15:29:15:29:25":3,"s:30:4:35:Infinity":7,"b:40:2:49:Infinity:undefined:undefined:undefined:undefined":4,"s:40:2:49:Infinity":8,"s:41:4:47:Infinity":9,"s:51:2:107:Infinity":10}}}
,"C:\\Users\\JORGE\\Desktop\\eccomerce\\eccomerce-test\\src\\pages\\ProductDetail\\index.ts": {"path":"C:\\Users\\JORGE\\Desktop\\eccomerce\\eccomerce-test\\src\\pages\\ProductDetail\\index.ts","statementMap":{},"fnMap":{},"branchMap":{},"s":{},"f":{},"b":{},"meta":{"lastBranch":0,"lastFunction":0,"lastStatement":0,"seen":{}}}
,"C:\\Users\\JORGE\\Desktop\\eccomerce\\eccomerce-test\\src\\services\\productService.ts": {"path":"C:\\Users\\JORGE\\Desktop\\eccomerce\\eccomerce-test\\src\\services\\productService.ts","statementMap":{"0":{"start":{"line":16,"column":30},"end":{"line":30,"column":null}},"1":{"start":{"line":17,"column":2},"end":{"line":29,"column":null}},"2":{"start":{"line":18,"column":21},"end":{"line":18,"column":null}},"3":{"start":{"line":20,"column":4},"end":{"line":22,"column":null}},"4":{"start":{"line":21,"column":6},"end":{"line":21,"column":null}},"5":{"start":{"line":24,"column":32},"end":{"line":24,"column":null}},"6":{"start":{"line":25,"column":4},"end":{"line":25,"column":null}},"7":{"start":{"line":27,"column":4},"end":{"line":27,"column":null}},"8":{"start":{"line":28,"column":4},"end":{"line":28,"column":null}},"9":{"start":{"line":33,"column":30},"end":{"line":47,"column":null}},"10":{"start":{"line":34,"column":2},"end":{"line":46,"column":null}},"11":{"start":{"line":35,"column":21},"end":{"line":35,"column":null}},"12":{"start":{"line":37,"column":4},"end":{"line":39,"column":null}},"13":{"start":{"line":38,"column":6},"end":{"line":38,"column":null}},"14":{"start":{"line":41,"column":29},"end":{"line":41,"column":null}},"15":{"start":{"line":42,"column":4},"end":{"line":42,"column":null}},"16":{"start":{"line":44,"column":4},"end":{"line":44,"column":null}},"17":{"start":{"line":45,"column":4},"end":{"line":45,"column":null}}},"fnMap":{"0":{"name":"(anonymous_0)","decl":{"start":{"line":16,"column":30},"end":{"line":16,"column":62}},"loc":{"start":{"line":16,"column":62},"end":{"line":30,"column":null}},"line":16},"1":{"name":"(anonymous_1)","decl":{"start":{"line":33,"column":30},"end":{"line":33,"column":37}},"loc":{"start":{"line":33,"column":79},"end":{"line":47,"column":null}},"line":33}},"branchMap":{"0":{"loc":{"start":{"line":20,"column":4},"end":{"line":22,"column":null}},"type":"if","locations":[{"start":{"line":20,"column":4},"end":{"line":22,"column":null}},{"start":{},"end":{}}],"line":20},"1":{"loc":{"start":{"line":37,"column":4},"end":{"line":39,"column":null}},"type":"if","locations":[{"start":{"line":37,"column":4},"end":{"line":39,"column":null}},{"start":{},"end":{}}],"line":37}},"s":{"0":2,"1":8,"2":8,"3":7,"4":2,"5":4,"6":3,"7":5,"8":5,"9":2,"10":7,"11":7,"12":6,"13":1,"14":5,"15":5,"16":2,"17":2},"f":{"0":8,"1":7},"b":{"0":[2,5],"1":[1,5]},"meta":{"lastBranch":2,"lastFunction":2,"lastStatement":18,"seen":{"s:16:30:30:Infinity":0,"f:16:30:16:62":0,"s:17:2:29:Infinity":1,"s:18:21:18:Infinity":2,"b:20:4:22:Infinity:undefined:undefined:undefined:undefined":0,"s:20:4:22:Infinity":3,"s:21:6:21:Infinity":4,"s:24:32:24:Infinity":5,"s:25:4:25:Infinity":6,"s:27:4:27:Infinity":7,"s:28:4:28:Infinity":8,"s:33:30:47:Infinity":9,"f:33:30:33:37":1,"s:34:2:46:Infinity":10,"s:35:21:35:Infinity":11,"b:37:4:39:Infinity:undefined:undefined:undefined:undefined":1,"s:37:4:39:Infinity":12,"s:38:6:38:Infinity":13,"s:41:29:41:Infinity":14,"s:42:4:42:Infinity":15,"s:44:4:44:Infinity":16,"s:45:4:45:Infinity":17}}}
}
